Configuration
   +-- configuration file:  /etc/a10.conf
127.0.0.1
mqtt client id is  a10mqtt_9ed2dee0-537e-453d-8bff-08136562b9c6_7ca668a5-fc82-4106-9804-f80f7109d970
Starting keep alive thead
Keep alive thread ID is  <Thread(Thread-1, initial)>
Starting keepalive ping with rate  45
ping!
U10 Starting
running
 * Serving Flask app 'u10' (lazy loading)
 * Environment: production
   WARNING: This is a development server. Do not use it in a production deployment.
   Use a production WSGI server instead.
 * Debug mode: on
Configuration
   +-- configuration file:  /etc/a10.conf
127.0.0.1
mqtt client id is  a10mqtt_b470eeb5-93b3-4ae5-b54b-1c87a10fda5f_272a95e2-e2e8-4f76-9e0d-6baaab39d22f
Starting keep alive thead
Keep alive thread ID is  <Thread(Thread-1, initial)>
Starting keepalive ping with rate  45
ping!
U10 Starting
running
type= ['tpm2.0', 'tboot', 'ima', 'linux']
ts  = ['tpm2.0', 'tboot', 'ima', 'linux']
type= ['tpm2.0', 'ibmtpmsim']
ts  = ['tpm2.0', 'tboot', 'ima', 'linux', 'tpm2.0', 'ibmtpmsim']
type= ['x86,tpm2,uefi,arm,pi']
ts  = ['tpm2.0', 'tboot', 'ima', 'linux', 'tpm2.0', 'ibmtpmsim', 'x86,tpm2,uefi,arm,pi']
type= ['x86,tpm2,uefi,arm,pi']
ts  = ['tpm2.0', 'tboot', 'ima', 'linux', 'tpm2.0', 'ibmtpmsim', 'x86,tpm2,uefi,arm,pi', 'x86,tpm2,uefi,arm,pi']
type= ['x86,tpm2,uefi,arm,pi']
ts  = ['tpm2.0', 'tboot', 'ima', 'linux', 'tpm2.0', 'ibmtpmsim', 'x86,tpm2,uefi,arm,pi', 'x86,tpm2,uefi,arm,pi', 'x86,tpm2,uefi,arm,pi']
type= ['x86,tpm2,uefi,arm,pi']
ts  = ['tpm2.0', 'tboot', 'ima', 'linux', 'tpm2.0', 'ibmtpmsim', 'x86,tpm2,uefi,arm,pi', 'x86,tpm2,uefi,arm,pi', 'x86,tpm2,uefi,arm,pi', 'x86,tpm2,uefi,arm,pi']
type= ['tpm2.0', 'tboot', 'ima', 'linux']
ts  = ['tpm2.0', 'tboot', 'ima', 'linux']
type= ['tpm2.0', 'ibmtpmsim']
ts  = ['tpm2.0', 'tboot', 'ima', 'linux', 'tpm2.0', 'ibmtpmsim']
type= ['x86,tpm2,uefi,arm,pi']
ts  = ['tpm2.0', 'tboot', 'ima', 'linux', 'tpm2.0', 'ibmtpmsim', 'x86,tpm2,uefi,arm,pi']
type= ['x86,tpm2,uefi,arm,pi']
ts  = ['tpm2.0', 'tboot', 'ima', 'linux', 'tpm2.0', 'ibmtpmsim', 'x86,tpm2,uefi,arm,pi', 'x86,tpm2,uefi,arm,pi']
type= ['x86,tpm2,uefi,arm,pi']
ts  = ['tpm2.0', 'tboot', 'ima', 'linux', 'tpm2.0', 'ibmtpmsim', 'x86,tpm2,uefi,arm,pi', 'x86,tpm2,uefi,arm,pi', 'x86,tpm2,uefi,arm,pi']
type= ['x86,tpm2,uefi,arm,pi']
ts  = ['tpm2.0', 'tboot', 'ima', 'linux', 'tpm2.0', 'ibmtpmsim', 'x86,tpm2,uefi,arm,pi', 'x86,tpm2,uefi,arm,pi', 'x86,tpm2,uefi,arm,pi', 'x86,tpm2,uefi,arm,pi']
type= ['tpm2.0', 'tboot', 'ima', 'linux']
ts  = ['tpm2.0', 'tboot', 'ima', 'linux']
type= ['tpm2.0', 'ibmtpmsim']
ts  = ['tpm2.0', 'tboot', 'ima', 'linux', 'tpm2.0', 'ibmtpmsim']
type= ['x86,tpm2,uefi,arm,pi']
ts  = ['tpm2.0', 'tboot', 'ima', 'linux', 'tpm2.0', 'ibmtpmsim', 'x86,tpm2,uefi,arm,pi']
type= ['x86,tpm2,uefi,arm,pi']
ts  = ['tpm2.0', 'tboot', 'ima', 'linux', 'tpm2.0', 'ibmtpmsim', 'x86,tpm2,uefi,arm,pi', 'x86,tpm2,uefi,arm,pi']
type= ['x86,tpm2,uefi,arm,pi']
ts  = ['tpm2.0', 'tboot', 'ima', 'linux', 'tpm2.0', 'ibmtpmsim', 'x86,tpm2,uefi,arm,pi', 'x86,tpm2,uefi,arm,pi', 'x86,tpm2,uefi,arm,pi']
type= ['x86,tpm2,uefi,arm,pi']
ts  = ['tpm2.0', 'tboot', 'ima', 'linux', 'tpm2.0', 'ibmtpmsim', 'x86,tpm2,uefi,arm,pi', 'x86,tpm2,uefi,arm,pi', 'x86,tpm2,uefi,arm,pi', 'x86,tpm2,uefi,arm,pi']
Getting handler
Found handler  nullrules/AlwaysSuccess
Getting handler
Found handler  nullrules/AlwaysFail
Getting handler
Found handler  nullrules/AlwaysError
Getting handler
Found handler  nullrules/AlwaysNoResult
Getting handler
Found handler  tpm2rules/PCRsAllUnassigned
Getting handler
Found handler  tpm2rules/TPM2FirmwareVersion
Getting handler
Found handler  tpm2rules/TPM2QuoteAttestedValue
Getting handler
Found handler  tpm2rules/TPM2QuoteStandardVerify
Getting handler
Found handler  uefi/ValidUEFIEventLog
type= ['tpm2.0', 'tboot', 'ima', 'linux']
ts  = ['tpm2.0', 'tboot', 'ima', 'linux']
type= ['tpm2.0', 'ibmtpmsim']
ts  = ['tpm2.0', 'tboot', 'ima', 'linux', 'tpm2.0', 'ibmtpmsim']
type= ['x86,tpm2,uefi,arm,pi']
ts  = ['tpm2.0', 'tboot', 'ima', 'linux', 'tpm2.0', 'ibmtpmsim', 'x86,tpm2,uefi,arm,pi']
type= ['x86,tpm2,uefi,arm,pi']
ts  = ['tpm2.0', 'tboot', 'ima', 'linux', 'tpm2.0', 'ibmtpmsim', 'x86,tpm2,uefi,arm,pi', 'x86,tpm2,uefi,arm,pi']
type= ['x86,tpm2,uefi,arm,pi']
ts  = ['tpm2.0', 'tboot', 'ima', 'linux', 'tpm2.0', 'ibmtpmsim', 'x86,tpm2,uefi,arm,pi', 'x86,tpm2,uefi,arm,pi', 'x86,tpm2,uefi,arm,pi']
type= ['x86,tpm2,uefi,arm,pi']
ts  = ['tpm2.0', 'tboot', 'ima', 'linux', 'tpm2.0', 'ibmtpmsim', 'x86,tpm2,uefi,arm,pi', 'x86,tpm2,uefi,arm,pi', 'x86,tpm2,uefi,arm,pi', 'x86,tpm2,uefi,arm,pi']
Exception ignored in: <module 'threading' from '/usr/lib/python3.9/threading.py'>
Traceback (most recent call last):
  File "/usr/lib/python3.9/threading.py", line 1428, in _shutdown
    lock.acquire()
KeyboardInterrupt: 
